<?xml version="1.0" encoding="UTF-8"?>
<!-- Generated by org.testng.reporters.JUnitReportReporter -->
<testsuite skipped="0" hostname="Sreejith" name="Academy.HomePage" tests="5" failures="0" timestamp="13 Apr 2021 00:02:27 GMT" time="87.350" errors="0">
  <testcase name="initializeBrowserTest" time="15.815" classname="Academy.HomePage"/>
  <testcase name="validationPresenceOfNavigationBar" time="12.982" classname="Academy.HomePage"/>
  <testcase name="initializeBrowserTest" time="25.164" classname="Academy.HomePage"/>
  <testcase name="initializeBrowserTest" time="19.654" classname="Academy.HomePage"/>
  <testcase name="validateTitle" time="13.735" classname="Academy.HomePage"/>
</testsuite> <!-- Academy.HomePage -->
