<?xml version="1.0" encoding="UTF-8"?>
<!-- Generated by org.testng.reporters.JUnitReportReporter -->
<testsuite skipped="0" hostname="Sreejith" name="Academy.HomePage" tests="5" failures="0" timestamp="13 Apr 2021 00:22:22 GMT" time="50.561" errors="0">
  <testcase name="initializeBrowserTest" time="10.595" classname="Academy.HomePage"/>
  <testcase name="validationPresenceOfNavigationBar" time="9.893" classname="Academy.HomePage"/>
  <testcase name="initializeBrowserTest" time="11.665" classname="Academy.HomePage"/>
  <testcase name="initializeBrowserTest" time="11.508" classname="Academy.HomePage"/>
  <testcase name="validateTitle" time="6.900" classname="Academy.HomePage"/>
</testsuite> <!-- Academy.HomePage -->
